<?xml version="1.0" encoding="UTF-8"?>
<testsuite xmlns:xsi="http://www.w3.org/2001/XMLSchema-instance" xsi:noNamespaceSchemaLocation="https://maven.apache.org/surefire/maven-surefire-plugin/xsd/surefire-test-report-3.0.xsd" version="3.0" name="com.bookplus.order.domain.policy.RefundPolicyTest" time="0.009" tests="9" errors="0" skipped="0" failures="0">
  <properties>
[...]
</properties>
  <testcase name="constructor_validates" classname="com.bookplus.order.domain.policy.RefundPolicyTest" time="0.001"/>
  <testcase name="digital_exactWindowEdge_stillEligible" classname="com.bookplus.order.domain.policy.RefundPolicyTest" time="0.0"/>
  <testcase name="digital_consumed_withinWindow_isStoreCredit" classname="com.bookplus.order.domain.policy.RefundPolicyTest" time="0.0"/>
  <testcase name="adminOverride_isCash" classname="com.bookplus.order.domain.policy.RefundPolicyTest" time="0.001"/>
  <testcase name="digital_notDownloaded_withinWindow_isCash" classname="com.bookplus.order.domain.policy.RefundPolicyTest" time="0.001"/>
  <testcase name="physical_isCash" classname="com.bookplus.order.domain.policy.RefundPolicyTest" time="0.0"/>
  <testcase name="digital_outsideWindow_isDeny" classname="com.bookplus.order.domain.policy.RefundPolicyTest" time="0.0"/>
  <testcase name="digital_barelyRead_withinWindow_isCash" classname="com.bookplus.order.domain.policy.RefundPolicyTest" time="0.001"/>
  <testcase name="digital_exactThreshold_isStoreCredit" classname="com.bookplus.order.domain.policy.RefundPolicyTest" time="0.0"/>
</testsuite>