<?xml version="1.0" encoding="UTF-8"?>
<testsuite xmlns:xsi="http://www.w3.org/2001/XMLSchema-instance" xsi:noNamespaceSchemaLocation="https://maven.apache.org/surefire/maven-surefire-plugin/xsd/surefire-test-report-3.0.xsd" version="3.0" name="com.bookplus.catalog.application.usecase.AddReviewUseCaseImplTest" time="0.269" tests="5" errors="0" skipped="0" failures="0">
  <properties>
[...]
</properties>
  <testcase name="add_success" classname="com.bookplus.catalog.application.usecase.AddReviewUseCaseImplTest" time="0.225">
    <system-out><![CDATA[03:36:19.612 [main] INFO com.bookplus.catalog.application.usecase.AddReviewUseCaseImpl -- Review added: reviewId=33cbf73c-2692-4603-85ed-1d27b3cccbc1 bookId=60f6fead-9cbb-4c26-8cb7-6af98c1b1e05 userId=user-1
]]></system-out>
  </testcase>
  <testcase name="add_inactiveBook" classname="com.bookplus.catalog.application.usecase.AddReviewUseCaseImplTest" time="0.008"/>
  <testcase name="add_duplicateReview" classname="com.bookplus.catalog.application.usecase.AddReviewUseCaseImplTest" time="0.004"/>
  <testcase name="add_bookNotFound" classname="com.bookplus.catalog.application.usecase.AddReviewUseCaseImplTest" time="0.003"/>
  <testcase name="add_eventFailure_isNonFatal" classname="com.bookplus.catalog.application.usecase.AddReviewUseCaseImplTest" time="0.021">
    <system-out><![CDATA[03:36:19.656 [main] ERROR com.bookplus.catalog.application.usecase.AddReviewUseCaseImpl -- Failed to publish ReviewAddedEvent for book 110d911c-8d0d-4692-bbaf-9258077c5f82: Kafka down
03:36:19.657 [main] INFO com.bookplus.catalog.application.usecase.AddReviewUseCaseImpl -- Review added: reviewId=b0815d82-2515-4e7c-a710-9c5e11f7b086 bookId=110d911c-8d0d-4692-bbaf-9258077c5f82 userId=user-1
]]></system-out>
  </testcase>
</testsuite>