GROUP,PACKAGE,CLASS,INSTRUCTION_MISSED,INSTRUCTION_COVERED,BRANCH_MISSED,BRANCH_COVERED,LINE_MISSED,LINE_COVERED,COMPLEXITY_MISSED,COMPLEXITY_COVERED,METHOD_MISSED,METHOD_COVERED
book-plus-auth-service,com.bookplus.auth.config,OpenApiConfig,56,0,0,0,15,0,2,0,2,0
book-plus-auth-service,com.bookplus.auth.config,KafkaConfig,74,0,0,0,20,0,5,0,5,0
book-plus-auth-service,com.bookplus.auth.config,SecurityConfig,162,30,0,0,28,7,5,1,5,1
book-plus-auth-service,com.bookplus.auth.adapter.in.web.dto.request,LoginRequest,9,0,0,0,1,0,1,0,1,0
book-plus-auth-service,com.bookplus.auth.adapter.in.web.dto.request,RegisterRequest,12,0,0,0,1,0,1,0,1,0
book-plus-auth-service,com.bookplus.auth.adapter.in.web.dto.request,ResetPasswordRequest,9,0,0,0,1,0,1,0,1,0
book-plus-auth-service,com.bookplus.auth.adapter.in.web.dto.request,ForgotPasswordRequest,6,0,0,0,1,0,1,0,1,0
book-plus-auth-service,com.bookplus.auth.adapter.in.web.dto.request,RefreshTokenRequest,6,0,0,0,1,0,1,0,1,0
book-plus-auth-service,com.bookplus.auth.application.usecase,RegisterUserUseCaseImpl,2,146,0,4,1,33,0,4,0,2
book-plus-auth-service,com.bookplus.auth.application.usecase,AccountUseCaseImpl,106,0,10,0,18,0,10,0,5,0
book-plus-auth-service,com.bookplus.auth.application.usecase,LogoutUseCaseImpl,38,0,0,0,11,0,3,0,3,0
book-plus-auth-service,com.bookplus.auth.application.usecase,AuthenticateUserUseCaseImpl,117,0,6,0,27,0,5,0,2,0
book-plus-auth-service,com.bookplus.auth.application.usecase,ResetPasswordUseCaseImpl,87,0,4,0,18,0,6,0,4,0
book-plus-auth-service,com.bookplus.auth.application.usecase,RefreshTokenUseCaseImpl,130,0,6,0,30,0,7,0,4,0
book-plus-auth-service,com.bookplus.auth.application.usecase,AdminUserUseCaseImpl,262,0,26,0,49,0,24,0,11,0
book-plus-auth-service,com.bookplus.auth.application.usecase,ForgotPasswordUseCaseImpl,86,0,0,0,20,0,3,0,3,0
book-plus-auth-service,com.bookplus.auth.shared.web,ApiResponse,39,0,0,0,4,0,4,0,4,0
book-plus-auth-service,com.bookplus.auth.shared.security,JwtConfig.RsaKeyProperties,27,0,4,0,6,0,3,0,1,0
book-plus-auth-service,com.bookplus.auth.shared.security,JwtConfig.JwtProperties,15,0,0,0,1,0,1,0,1,0
book-plus-auth-service,com.bookplus.auth.shared.security,RateLimitFilter,83,0,10,0,17,0,9,0,4,0
book-plus-auth-service,com.bookplus.auth.shared.security,JwtConfig,108,0,8,0,28,0,10,0,6,0
book-plus-auth-service,com.bookplus.auth.shared.security,AuthRateLimiter,0,46,0,0,0,11,0,4,0,4
book-plus-auth-service,com.bookplus.auth.shared.security,JwtAuthFilter,90,0,8,0,23,0,7,0,3,0
book-plus-auth-service,com.bookplus.auth.shared.security,JwtService,202,8,4,0,51,2,13,1,11,1
book-plus-auth-service,com.bookplus.auth.adapter.in.web.dto.response,AuthResponse,51,0,0,0,10,0,2,0,2,0
book-plus-auth-service,com.bookplus.auth.shared.security.lockout,RedisLoginAttemptStore,54,0,6,0,12,0,8,0,5,0
book-plus-auth-service,com.bookplus.auth.shared.security.lockout,LoginAttemptService,2,94,1,3,0,17,1,8,0,7
book-plus-auth-service,com.bookplus.auth.adapter.out.kafka,KafkaEventPublisherAdapter,110,0,2,0,20,0,5,0,4,0
book-plus-auth-service,com.bookplus.auth.domain.port.in,AuthResult,0,27,0,0,0,1,0,1,0,1
book-plus-auth-service,com.bookplus.auth.domain.port.in,RefreshTokenUseCase.RefreshCommand,12,0,0,0,1,0,1,0,1,0
book-plus-auth-service,com.bookplus.auth.domain.port.in,ForgotPasswordUseCase.ForgotPasswordCommand,6,0,0,0,1,0,1,0,1,0
book-plus-auth-service,com.bookplus.auth.domain.port.in,ResetPasswordUseCase.ResetPasswordCommand,9,0,0,0,1,0,1,0,1,0
book-plus-auth-service,com.bookplus.auth.domain.port.in,RegisterUserUseCase.RegisterUserCommand,0,12,0,0,0,1,0,1,0,1
book-plus-auth-service,com.bookplus.auth.domain.port.in,AuthenticateUserUseCase.AuthenticateCommand,15,0,0,0,1,0,1,0,1,0
book-plus-auth-service,com.bookplus.auth.domain.port.in,LogoutUseCase.LogoutCommand,9,0,0,0,1,0,1,0,1,0
book-plus-auth-service,com.bookplus.auth.adapter.in.web,VerificationController.VerifyEmailRequest,6,0,0,0,1,0,1,0,1,0
book-plus-auth-service,com.bookplus.auth.adapter.in.web,AdminUserController.ChangeRoleRequest,9,0,0,0,1,0,1,0,1,0
book-plus-auth-service,com.bookplus.auth.adapter.in.web,AdminUserController,108,0,4,0,20,0,9,0,7,0
book-plus-auth-service,com.bookplus.auth.adapter.in.web,AdminUserController.UpdateStatusRequest,9,0,0,0,1,0,1,0,1,0
book-plus-auth-service,com.bookplus.auth.adapter.in.web,GlobalExceptionHandler,146,0,2,0,28,0,15,0,14,0
book-plus-auth-service,com.bookplus.auth.adapter.in.web,AuthController,108,0,2,0,27,0,7,0,6,0
book-plus-auth-service,com.bookplus.auth.adapter.in.web,AdminUserController.CreateUserRequest,15,0,0,0,1,0,1,0,1,0
book-plus-auth-service,com.bookplus.auth.adapter.in.web,AccountController.ChangePasswordRequest,9,0,0,0,1,0,1,0,1,0
book-plus-auth-service,com.bookplus.auth.adapter.in.web,AccountController.MeResponse,34,0,0,0,4,0,2,0,2,0
book-plus-auth-service,com.bookplus.auth.adapter.in.web,AdminUserController.AdminUserResponse,49,0,0,0,9,0,2,0,2,0
book-plus-auth-service,com.bookplus.auth.adapter.in.web,AccountController.UpdateProfileRequest,9,0,0,0,1,0,1,0,1,0
book-plus-auth-service,com.bookplus.auth.adapter.in.web,VerificationController,44,0,2,0,8,0,4,0,3,0
book-plus-auth-service,com.bookplus.auth.adapter.in.web,AdminUserController.UpdateProfileRequest,9,0,0,0,1,0,1,0,1,0
book-plus-auth-service,com.bookplus.auth.adapter.in.web,AccountController,30,0,0,0,6,0,2,0,2,0
book-plus-auth-service,com.bookplus.auth.adapter.in.web,AdminUserController.ResetPasswordRequest,6,0,0,0,1,0,1,0,1,0
book-plus-auth-service,com.bookplus.auth,AuthServiceApplication,8,0,0,0,3,0,2,0,2,0
book-plus-auth-service,com.bookplus.auth.adapter.out.persistence.mapper,UserPersistenceMapper,64,0,0,0,24,0,3,0,3,0
book-plus-auth-service,com.bookplus.auth.domain.event,UserDeactivatedEvent,0,30,0,0,0,3,0,2,0,2
book-plus-auth-service,com.bookplus.auth.domain.event,UserRegisteredEvent,0,30,0,0,0,3,0,2,0,2
book-plus-auth-service,com.bookplus.auth.adapter.out.notification,EmailNotificationAdapter,133,0,0,0,37,0,4,0,4,0
book-plus-auth-service,com.bookplus.auth.adapter.out.persistence,PasswordResetTokenPersistenceAdapter,75,0,0,0,18,0,6,0,6,0
book-plus-auth-service,com.bookplus.auth.adapter.out.persistence,RefreshTokenPersistenceAdapter,93,0,0,0,24,0,7,0,7,0
book-plus-auth-service,com.bookplus.auth.adapter.out.persistence,UserPersistenceAdapter,128,0,0,0,16,0,10,0,10,0
book-plus-auth-service,com.bookplus.auth.shared.validation,StrongPasswordValidator,0,73,0,22,0,12,0,13,0,2
book-plus-auth-service,com.bookplus.auth.adapter.out.verification,EmailVerificationAdapter,113,0,6,0,28,0,8,0,5,0
book-plus-auth-service,com.bookplus.auth.domain.exception,TokenExpiredException,11,0,0,0,2,0,1,0,1,0
book-plus-auth-service,com.bookplus.auth.domain.exception,UserAlreadyExistsException,0,15,0,0,0,2,0,1,0,1
book-plus-auth-service,com.bookplus.auth.domain.exception,InvalidCredentialsException,4,0,0,0,2,0,1,0,1,0
book-plus-auth-service,com.bookplus.auth.domain.exception,DomainException,5,4,0,0,2,2,1,1,1,1
book-plus-auth-service,com.bookplus.auth.domain.exception,UserNotFoundException,5,0,0,0,2,0,1,0,1,0
book-plus-auth-service,com.bookplus.auth.domain.exception,TokenInvalidException,11,0,0,0,2,0,1,0,1,0
book-plus-auth-service,com.bookplus.auth.domain.model,Email,0,39,0,2,0,11,0,5,0,4
book-plus-auth-service,com.bookplus.auth.domain.model,UserId,11,19,0,0,2,5,2,3,2,3
book-plus-auth-service,com.bookplus.auth.domain.model,PasswordResetToken,90,0,4,0,23,0,14,0,12,0
book-plus-auth-service,com.bookplus.auth.domain.model,RefreshToken,104,0,4,0,25,0,16,0,14,0
book-plus-auth-service,com.bookplus.auth.domain.model,User,175,192,10,10,38,46,21,17,15,13
book-plus-auth-service,com.bookplus.auth.domain.model,UserRole,0,45,0,2,0,8,0,4,0,3
