GROUP,PACKAGE,CLASS,INSTRUCTION_MISSED,INSTRUCTION_COVERED,BRANCH_MISSED,BRANCH_COVERED,LINE_MISSED,LINE_COVERED,COMPLEXITY_MISSED,COMPLEXITY_COVERED,METHOD_MISSED,METHOD_COVERED
book-plus-order-service,com.bookplus.order.domain.policy,RefundPolicy,6,82,1,17,2,19,3,12,2,4
book-plus-order-service,com.bookplus.order.domain.policy,RefundOutcome,0,21,0,0,0,4,0,1,0,1
book-plus-order-service,com.bookplus.order.domain.policy,RefundContext,7,43,2,4,1,4,3,4,1,3
book-plus-order-service,com.bookplus.order.domain.policy,RefundDecision,2,49,2,4,0,7,2,8,0,7
book-plus-order-service,com.bookplus.order.domain.exception,OrderNotFoundException,0,5,0,0,0,2,0,1,0,1
book-plus-order-service,com.bookplus.order.domain.exception,InvalidOrderTransitionException,0,8,0,0,0,2,0,1,0,1
book-plus-order-service,com.bookplus.order.domain.exception,DomainException,0,4,0,0,0,1,0,1,0,1
book-plus-order-service,com.bookplus.order.domain.exception,OrderNotCancellableException,0,7,0,0,0,2,0,1,0,1
book-plus-order-service,com.bookplus.order.adapter.in.messaging,IdempotencyGuard,51,4,4,0,16,1,4,1,2,1
book-plus-order-service,com.bookplus.order.adapter.in.messaging,PaymentEventConsumer,81,0,4,0,20,0,5,0,3,0
book-plus-order-service,com.bookplus.order.adapter.in.messaging,CartEventConsumer,31,227,4,8,3,42,4,6,0,4
book-plus-order-service,com.bookplus.order.domain.event,OrderRefundedEvent,6,19,0,0,2,7,2,1,2,1
book-plus-order-service,com.bookplus.order.domain.event,DigitalAccessRevokedEvent.Item,6,0,0,0,1,0,1,0,1,0
book-plus-order-service,com.bookplus.order.domain.event,DigitalAccessRevokedEvent,22,0,0,0,8,0,3,0,3,0
book-plus-order-service,com.bookplus.order.domain.event,OrderCancelledEvent,6,19,0,0,2,7,2,1,2,1
book-plus-order-service,com.bookplus.order.domain.event,OrderCreatedEvent.Item,0,18,0,0,0,1,0,1,0,1
book-plus-order-service,com.bookplus.order.domain.event,OrderRefundedEvent.Item,0,9,0,0,0,1,0,1,0,1
book-plus-order-service,com.bookplus.order.domain.event,OrderPaymentConfirmedEvent,6,19,0,0,2,7,2,1,2,1
book-plus-order-service,com.bookplus.order.domain.event,OrderStatusChangedEvent,6,21,0,0,2,8,2,1,2,1
book-plus-order-service,com.bookplus.order.domain.event,OrderCancelledEvent.Item,0,9,0,0,0,1,0,1,0,1
book-plus-order-service,com.bookplus.order.domain.event,OrderPaymentConfirmedEvent.Item,0,9,0,0,0,1,0,1,0,1
book-plus-order-service,com.bookplus.order.domain.event,OrderCreatedEvent,6,25,0,0,2,9,2,1,2,1
book-plus-order-service,com.bookplus.order.domain.port.in,CreateOrderUseCase.CreateOrderCommand,0,36,0,0,0,1,0,1,0,1
book-plus-order-service,com.bookplus.order.domain.port.in,CreateOrderUseCase.CreateOrderCommand.ItemDto,0,24,0,0,0,1,0,1,0,1
book-plus-order-service,com.bookplus.order.adapter.in.web.dto,PagedOrderResponse,39,0,2,0,3,0,3,0,2,0
book-plus-order-service,com.bookplus.order.adapter.in.web.dto,CancelOrderRequest,6,0,0,0,1,0,1,0,1,0
book-plus-order-service,com.bookplus.order.adapter.in.web.dto,OrderItemResponse,50,0,0,0,10,0,2,0,2,0
book-plus-order-service,com.bookplus.order.adapter.in.web.dto,ResolveClaimRequest,6,0,0,0,1,0,1,0,1,0
book-plus-order-service,com.bookplus.order.adapter.in.web.dto,ShipOrderRequest,9,0,0,0,1,0,1,0,1,0
book-plus-order-service,com.bookplus.order.adapter.in.web.dto,OrderResponse.ShippingAddressResponse,37,0,0,0,4,0,2,0,2,0
book-plus-order-service,com.bookplus.order.adapter.in.web.dto,ClaimRequest,6,0,0,0,1,0,1,0,1,0
book-plus-order-service,com.bookplus.order.adapter.in.web.dto,OrderResponse,144,0,2,0,27,0,4,0,3,0
book-plus-order-service,com.bookplus.order.adapter.in.web.dto,DeliverOrderRequest,9,0,0,0,1,0,1,0,1,0
book-plus-order-service,com.bookplus.order.adapter.in.scheduler,CourierSimulator,79,0,14,0,17,0,9,0,2,0
book-plus-order-service,com.bookplus.order.shared.crypto,PiiCryptoKey,6,43,7,5,0,16,5,3,0,2
book-plus-order-service,com.bookplus.order.shared.crypto,CryptoConverter,7,105,0,4,2,23,0,6,0,4
book-plus-order-service,com.bookplus.order.adapter.out.persistence.entity,CustomRevisionEntity,17,0,0,0,5,0,5,0,5,0
book-plus-order-service,com.bookplus.order.adapter.in.process,CancelOrderDelegate,0,32,0,2,0,7,0,3,0,2
book-plus-order-service,com.bookplus.order.adapter.in.process,ConfirmPaymentDelegate,0,19,0,0,0,5,0,2,0,2
book-plus-order-service,com.bookplus.order.application.refund,RefundDecisionService.RefundResolution,4,17,0,0,1,3,1,3,1,3
book-plus-order-service,com.bookplus.order.application.refund,RefundDecisionService,0,21,0,2,0,5,0,2,0,1
book-plus-order-service,com.bookplus.order.config,OpenApiConfig,3,0,0,0,1,0,1,0,1,0
book-plus-order-service,com.bookplus.order.config,JacksonConfig,13,0,0,0,4,0,2,0,2,0
book-plus-order-service,com.bookplus.order.config,KafkaConfig,110,0,0,0,16,0,8,0,8,0
book-plus-order-service,com.bookplus.order.config,ShedLockConfig,15,0,0,0,6,0,2,0,2,0
book-plus-order-service,com.bookplus.order.config,SecurityConfig,133,0,0,0,26,0,9,0,9,0
book-plus-order-service,com.bookplus.order.domain.model,Order,167,427,20,22,43,98,21,22,6,16
book-plus-order-service,com.bookplus.order.domain.model,OrderStatus,7,74,7,9,0,11,5,7,0,4
book-plus-order-service,com.bookplus.order.domain.model,OrderId,11,15,0,0,2,3,2,3,2,3
book-plus-order-service,com.bookplus.order.domain.model,Coupon,0,38,0,4,0,3,0,5,0,3
book-plus-order-service,com.bookplus.order.domain.model,Money,58,27,5,3,8,6,8,2,4,2
book-plus-order-service,com.bookplus.order.domain.model,ShippingAddress,25,46,10,10,5,7,10,1,0,1
book-plus-order-service,com.bookplus.order.domain.model,OrderItem,27,41,2,2,3,12,4,2,2,2
book-plus-order-service,com.bookplus.order.adapter.out.authz,OpaAuthorizationClient,37,89,6,10,6,23,3,9,0,4
book-plus-order-service,com.bookplus.order.adapter.out.authz,OpaAuthorizationClient.OpaResponse,6,0,0,0,1,0,1,0,1,0
book-plus-order-service,com.bookplus.order.application.coupon,CouponService.CouponResult,0,18,0,0,0,1,0,1,0,1
book-plus-order-service,com.bookplus.order.application.coupon,CouponService,2,151,3,19,0,25,3,12,0,4
book-plus-order-service,com.bookplus.order.adapter.in.web.sse,OrderChangedAppEvent,12,0,0,0,1,0,1,0,1,0
book-plus-order-service,com.bookplus.order.adapter.in.web.sse,OrderSseController,58,0,10,0,11,0,7,0,2,0
book-plus-order-service,com.bookplus.order.adapter.in.web.sse,OrderSseHub,169,0,14,0,35,0,17,0,10,0
book-plus-order-service,com.bookplus.order.shared.logging,CorrelationIdFilter,0,29,1,3,0,9,1,3,0,2
book-plus-order-service,com.bookplus.order.adapter.out.persistence,CouponPersistenceAdapter,50,0,0,0,13,0,3,0,3,0
book-plus-order-service,com.bookplus.order.adapter.out.persistence,OutboxRelay,147,0,8,0,29,0,7,0,3,0
book-plus-order-service,com.bookplus.order.adapter.out.persistence,OutboxEventAdapter,83,0,4,0,21,0,4,0,2,0
book-plus-order-service,com.bookplus.order.adapter.out.persistence,OrderPersistenceAdapter,133,0,4,0,19,0,10,0,8,0
book-plus-order-service,com.bookplus.order.adapter.out.persistence,OrderPersistenceMapper,251,0,0,0,90,0,5,0,5,0
book-plus-order-service,com.bookplus.order.shared.metrics,OrderMetrics,4,36,2,2,0,15,2,2,0,2
book-plus-order-service,com.bookplus.order.adapter.out.messaging,KafkaEventPublisherAdapter,120,0,6,0,21,0,6,0,3,0
book-plus-order-service,com.bookplus.order,OrderServiceApplication,8,0,0,0,3,0,2,0,2,0
book-plus-order-service,com.bookplus.order.adapter.in.web,AdminCouponController.CouponResponse,42,0,0,0,4,0,2,0,2,0
book-plus-order-service,com.bookplus.order.adapter.in.web,OrderController.RefundResponse,15,0,0,0,1,0,1,0,1,0
book-plus-order-service,com.bookplus.order.adapter.in.web,OrderController.RefundRequest,18,0,0,0,1,0,1,0,1,0
book-plus-order-service,com.bookplus.order.adapter.in.web,DeliveryProofController,271,0,46,0,57,0,36,0,13,0
book-plus-order-service,com.bookplus.order.adapter.in.web,AdminCouponController,159,0,18,0,34,0,14,0,5,0
book-plus-order-service,com.bookplus.order.adapter.in.web,AdminCouponController.CreateCouponRequest,18,0,0,0,1,0,1,0,1,0
book-plus-order-service,com.bookplus.order.adapter.in.web,OrderController,336,0,30,0,64,0,31,0,16,0
book-plus-order-service,com.bookplus.order.adapter.in.web,GlobalExceptionHandler,108,0,2,0,21,0,12,0,11,0
book-plus-order-service,com.bookplus.order.adapter.in.web,CouponController,9,0,0,0,1,0,1,0,1,0
book-plus-order-service,com.bookplus.order.adapter.in.web,CouponController.ValidateCouponRequest,9,0,0,0,1,0,1,0,1,0
book-plus-order-service,com.bookplus.order.application.usecase,CreateOrderUseCaseImpl,0,108,0,0,0,16,0,3,0,3
book-plus-order-service,com.bookplus.order.application.usecase,GetOrderUseCaseImpl,65,0,6,0,13,0,11,0,8,0
book-plus-order-service,com.bookplus.order.application.usecase,CancelOrderUseCaseImpl,5,84,1,5,0,18,2,6,1,4
book-plus-order-service,com.bookplus.order.application.usecase,UpdateOrderStatusUseCaseImpl,81,86,9,3,14,15,16,10,10,10
